<?xml version="1.0" encoding="UTF-8"?>
<coverage generated="1553421525347" clover="3.2.0">
  <project timestamp="1553421525347" name="All files">
    <metrics statements="236" coveredstatements="175" conditionals="90" coveredconditionals="36" methods="53" coveredmethods="37" elements="379" coveredelements="248" complexity="0" loc="236" ncloc="236" packages="3" files="19" classes="19">
      <package name="components">
        <metrics statements="13" coveredstatements="11" conditionals="4" coveredconditionals="2" methods="4" coveredmethods="4"/>
        <file name="MonsterList.vue" path="D:\project\vue\dd5dm\src\components\MonsterList.vue">
          <metrics statements="13" coveredstatements="11" conditionals="4" coveredconditionals="2" methods="4" coveredmethods="4"/>
          <line num="21" count="1" type="stmt"/>
          <line num="24" count="1" type="stmt"/>
          <line num="25" count="1" type="stmt"/>
          <line num="26" count="1" type="stmt"/>
          <line num="29" count="2" type="stmt"/>
          <line num="30" count="1" type="stmt"/>
          <line num="33" count="3" type="cond" truecount="1" falsecount="1"/>
          <line num="34" count="3" type="stmt"/>
          <line num="36" count="0" type="stmt"/>
          <line num="37" count="0" type="stmt"/>
          <line num="42" count="3" type="cond" truecount="1" falsecount="1"/>
          <line num="45" count="3" type="stmt"/>
          <line num="48" count="3" type="stmt"/>
        </file>
      </package>
      <package name="data">
        <metrics statements="40" coveredstatements="40" conditionals="4" coveredconditionals="4" methods="8" coveredmethods="8"/>
        <file name="ARMOR_DATA.ts" path="D:\project\vue\dd5dm\src\data\ARMOR_DATA.ts">
          <metrics statements="1" coveredstatements="1" conditionals="0" coveredconditionals="0" methods="0" coveredmethods="0"/>
          <line num="3" count="3" type="stmt"/>
        </file>
        <file name="ENCOUNTER_DATA.ts" path="D:\project\vue\dd5dm\src\data\ENCOUNTER_DATA.ts">
          <metrics statements="9" coveredstatements="9" conditionals="2" coveredconditionals="2" methods="1" coveredmethods="1"/>
          <line num="1" count="3" type="cond" truecount="2" falsecount="0"/>
          <line num="2" count="3" type="stmt"/>
          <line num="3" count="3" type="stmt"/>
          <line num="4" count="3" type="stmt"/>
          <line num="5" count="3" type="stmt"/>
          <line num="11" count="3" type="stmt"/>
          <line num="74" count="3" type="stmt"/>
          <line num="92" count="3" type="stmt"/>
          <line num="112" count="3" type="stmt"/>
        </file>
        <file name="MONSTERS.ts" path="D:\project\vue\dd5dm\src\data\MONSTERS.ts">
          <metrics statements="5" coveredstatements="5" conditionals="0" coveredconditionals="0" methods="0" coveredmethods="0"/>
          <line num="3" count="3" type="stmt"/>
          <line num="5" count="3" type="stmt"/>
          <line num="5257" count="3" type="stmt"/>
          <line num="5258" count="3" type="stmt"/>
          <line num="5259" count="507" type="stmt"/>
        </file>
        <file name="MONSTER_AVATARS.ts" path="D:\project\vue\dd5dm\src\data\MONSTER_AVATARS.ts">
          <metrics statements="1" coveredstatements="1" conditionals="0" coveredconditionals="0" methods="0" coveredmethods="0"/>
          <line num="1" count="3" type="stmt"/>
        </file>
        <file name="RACE_ABILITY.ts" path="D:\project\vue\dd5dm\src\data\RACE_ABILITY.ts">
          <metrics statements="1" coveredstatements="1" conditionals="0" coveredconditionals="0" methods="0" coveredmethods="0"/>
          <line num="1" count="2" type="stmt"/>
        </file>
        <file name="TEMPLATES.ts" path="D:\project\vue\dd5dm\src\data\TEMPLATES.ts">
          <metrics statements="4" coveredstatements="4" conditionals="0" coveredconditionals="0" methods="1" coveredmethods="1"/>
          <line num="1" count="3" type="stmt"/>
          <line num="3" count="3" type="stmt"/>
          <line num="114" count="3" type="stmt"/>
          <line num="115" count="18" type="stmt"/>
        </file>
        <file name="TRAP.ts" path="D:\project\vue\dd5dm\src\data\TRAP.ts">
          <metrics statements="19" coveredstatements="19" conditionals="2" coveredconditionals="2" methods="6" coveredmethods="6"/>
          <line num="1" count="1" type="stmt"/>
          <line num="3" count="1" type="stmt"/>
          <line num="12" count="2" type="stmt"/>
          <line num="14" count="1" type="stmt"/>
          <line num="20" count="1" type="stmt"/>
          <line num="21" count="2" type="stmt"/>
          <line num="22" count="6" type="cond" truecount="2" falsecount="0"/>
          <line num="25" count="1" type="stmt"/>
          <line num="59" count="2" type="stmt"/>
          <line num="61" count="1" type="stmt"/>
          <line num="145" count="2" type="stmt"/>
          <line num="147" count="1" type="stmt"/>
          <line num="148" count="1" type="stmt"/>
          <line num="149" count="1" type="stmt"/>
          <line num="150" count="1" type="stmt"/>
          <line num="151" count="1" type="stmt"/>
          <line num="152" count="1" type="stmt"/>
          <line num="153" count="1" type="stmt"/>
          <line num="154" count="1" type="stmt"/>
        </file>
      </package>
      <package name="models">
        <metrics statements="183" coveredstatements="124" conditionals="82" coveredconditionals="30" methods="41" coveredmethods="25"/>
        <file name="Ability.ts" path="D:\project\vue\dd5dm\src\models\Ability.ts">
          <metrics statements="5" coveredstatements="0" conditionals="2" coveredconditionals="0" methods="2" coveredmethods="0"/>
          <line num="4" count="0" type="stmt"/>
          <line num="8" count="0" type="stmt"/>
          <line num="9" count="0" type="cond" truecount="0" falsecount="2"/>
          <line num="10" count="0" type="stmt"/>
          <line num="12" count="0" type="stmt"/>
        </file>
        <file name="Armor.ts" path="D:\project\vue\dd5dm\src\models\Armor.ts">
          <metrics statements="10" coveredstatements="2" conditionals="6" coveredconditionals="0" methods="2" coveredmethods="1"/>
          <line num="2" count="3" type="stmt"/>
          <line num="15" count="1" type="stmt"/>
          <line num="19" count="0" type="stmt"/>
          <line num="20" count="0" type="cond" truecount="0" falsecount="2"/>
          <line num="21" count="0" type="stmt"/>
          <line num="22" count="0" type="cond" truecount="0" falsecount="2"/>
          <line num="23" count="0" type="stmt"/>
          <line num="26" count="0" type="cond" truecount="0" falsecount="2"/>
          <line num="27" count="0" type="stmt"/>
          <line num="29" count="0" type="stmt"/>
        </file>
        <file name="Dungeon.ts" path="D:\project\vue\dd5dm\src\models\Dungeon.ts">
          <metrics statements="2" coveredstatements="2" conditionals="0" coveredconditionals="0" methods="1" coveredmethods="1"/>
          <line num="2" count="1" type="stmt"/>
          <line num="8" count="2" type="stmt"/>
        </file>
        <file name="Item.ts" path="D:\project\vue\dd5dm\src\models\Item.ts">
          <metrics statements="6" coveredstatements="6" conditionals="4" coveredconditionals="2" methods="2" coveredmethods="2"/>
          <line num="9" count="1" type="stmt"/>
          <line num="10" count="1" type="stmt"/>
          <line num="11" count="2" type="cond" truecount="2" falsecount="2"/>
          <line num="12" count="2" type="stmt"/>
          <line num="15" count="1" type="stmt"/>
          <line num="22" count="2" type="stmt"/>
        </file>
        <file name="Log.ts" path="D:\project\vue\dd5dm\src\models\Log.ts">
          <metrics statements="5" coveredstatements="5" conditionals="0" coveredconditionals="0" methods="1" coveredmethods="1"/>
          <line num="2" count="3" type="stmt"/>
          <line num="4" count="3" type="stmt"/>
          <line num="5" count="3" type="stmt"/>
          <line num="6" count="3" type="stmt"/>
          <line num="9" count="3" type="stmt"/>
        </file>
        <file name="Mode.ts" path="D:\project\vue\dd5dm\src\models\Mode.ts">
          <metrics statements="4" coveredstatements="4" conditionals="4" coveredconditionals="2" methods="2" coveredmethods="2"/>
          <line num="5" count="3" type="stmt"/>
          <line num="6" count="3" type="cond" truecount="1" falsecount="1"/>
          <line num="9" count="3" type="stmt"/>
          <line num="10" count="3" type="cond" truecount="1" falsecount="1"/>
        </file>
        <file name="Monster.ts" path="D:\project\vue\dd5dm\src\models\Monster.ts">
          <metrics statements="25" coveredstatements="21" conditionals="2" coveredconditionals="0" methods="5" coveredmethods="2"/>
          <line num="1" count="3" type="stmt"/>
          <line num="2" count="3" type="stmt"/>
          <line num="5" count="3" type="stmt"/>
          <line num="8" count="508" type="stmt"/>
          <line num="9" count="508" type="stmt"/>
          <line num="18" count="508" type="stmt"/>
          <line num="20" count="508" type="stmt"/>
          <line num="21" count="508" type="stmt"/>
          <line num="22" count="508" type="stmt"/>
          <line num="23" count="508" type="stmt"/>
          <line num="26" count="508" type="stmt"/>
          <line num="30" count="0" type="stmt"/>
          <line num="34" count="0" type="stmt"/>
          <line num="35" count="0" type="stmt"/>
          <line num="39" count="1" type="stmt"/>
          <line num="40" count="1" type="stmt"/>
          <line num="41" count="1" type="stmt"/>
          <line num="42" count="1" type="stmt"/>
          <line num="43" count="1" type="stmt"/>
          <line num="44" count="6" type="stmt"/>
          <line num="46" count="1" type="stmt"/>
          <line num="47" count="1" type="stmt"/>
          <line num="48" count="1" type="stmt"/>
          <line num="49" count="1" type="stmt"/>
          <line num="53" count="0" type="cond" truecount="0" falsecount="2"/>
        </file>
        <file name="MonsterGenerator.ts" path="D:\project\vue\dd5dm\src\models\MonsterGenerator.ts">
          <metrics statements="36" coveredstatements="36" conditionals="24" coveredconditionals="17" methods="9" coveredmethods="9"/>
          <line num="1" count="1" type="stmt"/>
          <line num="3" count="1" type="stmt"/>
          <line num="5" count="1" type="stmt"/>
          <line num="6" count="1" type="stmt"/>
          <line num="9" count="1" type="stmt"/>
          <line num="12" count="1" type="stmt"/>
          <line num="13" count="4" type="cond" truecount="1" falsecount="1"/>
          <line num="14" count="4" type="cond" truecount="2" falsecount="0"/>
          <line num="15" count="4" type="stmt"/>
          <line num="19" count="71" type="stmt"/>
          <line num="20" count="71" type="stmt"/>
          <line num="21" count="71" type="stmt"/>
          <line num="22" count="71" type="cond" truecount="2" falsecount="2"/>
          <line num="24" count="71" type="stmt"/>
          <line num="27" count="67" type="cond" truecount="1" falsecount="1"/>
          <line num="28" count="67" type="stmt"/>
          <line num="29" count="67" type="stmt"/>
          <line num="30" count="1072" type="cond" truecount="2" falsecount="0"/>
          <line num="33" count="4" type="stmt"/>
          <line num="34" count="4" type="stmt"/>
          <line num="35" count="60" type="stmt"/>
          <line num="36" count="60" type="cond" truecount="4" falsecount="0"/>
          <line num="37" count="23" type="stmt"/>
          <line num="40" count="4" type="stmt"/>
          <line num="43" count="3" type="stmt"/>
          <line num="44" count="3" type="stmt"/>
          <line num="45" count="3" type="stmt"/>
          <line num="46" count="3" type="stmt"/>
          <line num="51" count="2" type="stmt"/>
          <line num="52" count="338" type="stmt"/>
          <line num="53" count="2" type="cond" truecount="3" falsecount="1"/>
          <line num="54" count="2" type="cond" truecount="2" falsecount="0"/>
          <line num="55" count="1" type="stmt"/>
          <line num="57" count="2" type="stmt"/>
          <line num="58" count="2" type="stmt"/>
          <line num="59" count="2" type="stmt"/>
        </file>
        <file name="Player.ts" path="D:\project\vue\dd5dm\src\models\Player.ts">
          <metrics statements="83" coveredstatements="41" conditionals="40" coveredconditionals="9" methods="15" coveredmethods="5"/>
          <line num="2" count="2" type="stmt"/>
          <line num="3" count="2" type="stmt"/>
          <line num="4" count="2" type="stmt"/>
          <line num="7" count="0" type="stmt"/>
          <line num="11" count="2" type="stmt"/>
          <line num="13" count="3" type="stmt"/>
          <line num="14" count="3" type="stmt"/>
          <line num="15" count="3" type="stmt"/>
          <line num="16" count="3" type="stmt"/>
          <line num="17" count="3" type="stmt"/>
          <line num="18" count="3" type="stmt"/>
          <line num="19" count="3" type="stmt"/>
          <line num="20" count="3" type="stmt"/>
          <line num="21" count="3" type="stmt"/>
          <line num="22" count="3" type="stmt"/>
          <line num="23" count="3" type="stmt"/>
          <line num="24" count="3" type="stmt"/>
          <line num="25" count="3" type="stmt"/>
          <line num="26" count="3" type="stmt"/>
          <line num="27" count="3" type="stmt"/>
          <line num="28" count="3" type="stmt"/>
          <line num="29" count="3" type="stmt"/>
          <line num="30" count="3" type="stmt"/>
          <line num="33" count="3" type="stmt"/>
          <line num="37" count="0" type="stmt"/>
          <line num="41" count="1" type="cond" truecount="1" falsecount="1"/>
          <line num="42" count="1" type="stmt"/>
          <line num="43" count="1" type="cond" truecount="1" falsecount="1"/>
          <line num="44" count="6" type="stmt"/>
          <line num="50" count="0" type="cond" truecount="0" falsecount="2"/>
          <line num="51" count="0" type="stmt"/>
          <line num="52" count="0" type="cond" truecount="0" falsecount="2"/>
          <line num="53" count="0" type="stmt"/>
          <line num="55" count="0" type="stmt"/>
          <line num="62" count="0" type="cond" truecount="0" falsecount="2"/>
          <line num="63" count="0" type="stmt"/>
          <line num="64" count="0" type="cond" truecount="0" falsecount="2"/>
          <line num="65" count="0" type="stmt"/>
          <line num="66" count="0" type="stmt"/>
          <line num="72" count="0" type="stmt"/>
          <line num="73" count="0" type="stmt"/>
          <line num="74" count="0" type="cond" truecount="0" falsecount="2"/>
          <line num="75" count="0" type="stmt"/>
          <line num="76" count="0" type="cond" truecount="0" falsecount="2"/>
          <line num="77" count="0" type="stmt"/>
          <line num="78" count="0" type="stmt"/>
          <line num="79" count="0" type="cond" truecount="0" falsecount="2"/>
          <line num="80" count="0" type="stmt"/>
          <line num="81" count="0" type="cond" truecount="0" falsecount="2"/>
          <line num="82" count="0" type="stmt"/>
          <line num="84" count="0" type="cond" truecount="0" falsecount="2"/>
          <line num="85" count="0" type="stmt"/>
          <line num="90" count="0" type="stmt"/>
          <line num="94" count="0" type="stmt"/>
          <line num="95" count="0" type="stmt"/>
          <line num="97" count="0" type="cond" truecount="0" falsecount="2"/>
          <line num="98" count="0" type="stmt"/>
          <line num="99" count="0" type="stmt"/>
          <line num="101" count="0" type="cond" truecount="0" falsecount="2"/>
          <line num="102" count="0" type="cond" truecount="0" falsecount="2"/>
          <line num="103" count="0" type="cond" truecount="0" falsecount="2"/>
          <line num="104" count="0" type="stmt"/>
          <line num="106" count="0" type="stmt"/>
          <line num="109" count="0" type="stmt"/>
          <line num="112" count="0" type="stmt"/>
          <line num="115" count="0" type="stmt"/>
          <line num="119" count="0" type="cond" truecount="0" falsecount="2"/>
          <line num="120" count="0" type="stmt"/>
          <line num="122" count="0" type="stmt"/>
          <line num="127" count="1" type="stmt"/>
          <line num="128" count="1" type="stmt"/>
          <line num="129" count="6" type="stmt"/>
          <line num="131" count="1" type="stmt"/>
          <line num="132" count="20" type="stmt"/>
          <line num="133" count="20" type="stmt"/>
          <line num="134" count="20" type="stmt"/>
          <line num="135" count="20" type="stmt"/>
          <line num="136" count="20" type="cond" truecount="6" falsecount="0"/>
          <line num="137" count="9" type="stmt"/>
          <line num="138" count="9" type="stmt"/>
          <line num="144" count="1" type="stmt"/>
          <line num="157" count="1" type="cond" truecount="1" falsecount="1"/>
          <line num="158" count="1" type="stmt"/>
        </file>
        <file name="Reward.ts" path="D:\project\vue\dd5dm\src\models\Reward.ts">
          <metrics statements="6" coveredstatements="6" conditionals="0" coveredconditionals="0" methods="1" coveredmethods="1"/>
          <line num="2" count="1" type="stmt"/>
          <line num="4" count="1" type="stmt"/>
          <line num="5" count="1" type="stmt"/>
          <line num="6" count="1" type="stmt"/>
          <line num="7" count="1" type="stmt"/>
          <line num="10" count="1" type="stmt"/>
        </file>
        <file name="Template.ts" path="D:\project\vue\dd5dm\src\models\Template.ts">
          <metrics statements="1" coveredstatements="1" conditionals="0" coveredconditionals="0" methods="1" coveredmethods="1"/>
          <line num="13" count="18" type="stmt"/>
        </file>
      </package>
    </metrics>
  </project>
</coverage>
