{"D:\\project\\vue\\dd5dm\\src\\components\\MonsterList.vue": {"path":"D:\\project\\vue\\dd5dm\\src\\components\\MonsterList.vue","statementMap":{"0":{"start":{"line":21,"column":0},"end":{"line":null,"column":-1}},"1":{"start":{"line":24,"column":0},"end":{"line":null,"column":-1}},"2":{"start":{"line":25,"column":0},"end":{"line":null,"column":-1}},"3":{"start":{"line":26,"column":0},"end":{"line":null,"column":-1}},"4":{"start":{"line":29,"column":0},"end":{"line":null,"column":-1}},"5":{"start":{"line":33,"column":0},"end":{"line":38,"column":0}},"6":{"start":{"line":34,"column":0},"end":{"line":null,"column":-1}},"7":{"start":{"line":36,"column":0},"end":{"line":null,"column":-1}},"8":{"start":{"line":37,"column":0},"end":{"line":null,"column":-1}},"9":{"start":{"line":42,"column":0},"end":{"line":null,"column":-1}},"10":{"start":{"line":45,"column":0},"end":{"line":null,"column":-1}},"11":{"start":{"line":48,"column":0},"end":{"line":null,"column":-1}},"12":{"start":{"line":30,"column":0},"end":{"line":null,"column":-1}}},"fnMap":{"0":{"name":"(anonymous_1)","decl":{"start":{"line":32,"column":0},"end":{"line":null,"column":-1}},"loc":{"start":{"line":32,"column":0},"end":{"line":39,"column":0}}},"1":{"name":"(anonymous_2)","decl":{"start":{"line":41,"column":0},"end":{"line":null,"column":-1}},"loc":{"start":{"line":41,"column":0},"end":{"line":43,"column":0}}},"2":{"name":"(anonymous_3)","decl":{"start":{"line":44,"column":0},"end":{"line":null,"column":-1}},"loc":{"start":{"line":44,"column":0},"end":{"line":46,"column":0}}},"3":{"name":"(anonymous_4)","decl":{"start":{"line":47,"column":0},"end":{"line":null,"column":-1}},"loc":{"start":{"line":47,"column":0},"end":{"line":49,"column":0}}}},"branchMap":{"0":{"loc":{"start":{"line":33,"column":0},"end":{"line":38,"column":0}},"type":"if","locations":[{"start":{"line":33,"column":0},"end":{"line":38,"column":0}},{"start":{"line":33,"column":0},"end":{"line":38,"column":0}}]},"1":{"loc":{"start":{"line":42,"column":0},"end":{"line":null,"column":-1}},"type":"cond-expr","locations":[{"start":{"line":42,"column":0},"end":{"line":null,"column":-1}},{"start":{"line":42,"column":0},"end":{"line":null,"column":-1}}]}},"s":{"0":1,"1":1,"2":1,"3":1,"4":2,"5":3,"6":3,"7":0,"8":0,"9":3,"10":3,"11":3,"12":1},"f":{"0":3,"1":3,"2":3,"3":3},"b":{"0":[3,0],"1":[0,3]}}
,"D:\\project\\vue\\dd5dm\\src\\data\\ARMOR_DATA.ts": {"path":"D:\\project\\vue\\dd5dm\\src\\data\\ARMOR_DATA.ts","statementMap":{"0":{"start":{"line":3,"column":42},"end":{"line":3,"column":0}}},"fnMap":{},"branchMap":{},"s":{"0":3},"f":{},"b":{}}
,"D:\\project\\vue\\dd5dm\\src\\data\\ENCOUNTER_DATA.ts": {"path":"D:\\project\\vue\\dd5dm\\src\\data\\ENCOUNTER_DATA.ts","statementMap":{"0":{"start":{"line":1,"column":0},"end":{"line":null,"column":-1}},"1":{"start":{"line":2,"column":2},"end":{"line":null,"column":-1}},"2":{"start":{"line":3,"column":2},"end":{"line":null,"column":-1}},"3":{"start":{"line":4,"column":2},"end":{"line":null,"column":-1}},"4":{"start":{"line":5,"column":2},"end":{"line":null,"column":-1}},"5":{"start":{"line":11,"column":24},"end":{"line":11,"column":7}},"6":{"start":{"line":74,"column":26},"end":{"line":74,"column":7}},"7":{"start":{"line":92,"column":19},"end":{"line":92,"column":7}},"8":{"start":{"line":112,"column":18},"end":{"line":112,"column":7}}},"fnMap":{"0":{"name":"(anonymous_0)","decl":{"start":{"line":1,"column":0},"end":{"line":1,"column":11}},"loc":{"start":{"line":1,"column":16},"end":{"line":1,"column":0}}}},"branchMap":{"0":{"loc":{"start":{"line":1,"column":12},"end":{"line":1,"column":16}},"type":"binary-expr","locations":[{"start":{"line":1,"column":12},"end":{"line":1,"column":16}},{"start":{"line":1,"column":16},"end":{"line":1,"column":15}}]}},"s":{"0":3,"1":3,"2":3,"3":3,"4":3,"5":3,"6":3,"7":3,"8":3},"f":{"0":3},"b":{"0":[3,3]}}
,"D:\\project\\vue\\dd5dm\\src\\data\\MONSTERS.ts": {"path":"D:\\project\\vue\\dd5dm\\src\\data\\MONSTERS.ts","statementMap":{"0":{"start":{"line":3,"column":0},"end":{"line":null,"column":-1}},"1":{"start":{"line":5,"column":46},"end":{"line":5,"column":0}},"2":{"start":{"line":5257,"column":28},"end":{"line":5257,"column":0}},"3":{"start":{"line":5258,"column":0},"end":{"line":5263,"column":1}},"4":{"start":{"line":5259,"column":2},"end":{"line":null,"column":-1}}},"fnMap":{},"branchMap":{},"s":{"0":3,"1":3,"2":3,"3":3,"4":507},"f":{},"b":{}}
,"D:\\project\\vue\\dd5dm\\src\\data\\MONSTER_AVATARS.ts": {"path":"D:\\project\\vue\\dd5dm\\src\\data\\MONSTER_AVATARS.ts","statementMap":{"0":{"start":{"line":1,"column":31},"end":{"line":1,"column":7}}},"fnMap":{},"branchMap":{},"s":{"0":3},"f":{},"b":{}}
,"D:\\project\\vue\\dd5dm\\src\\data\\RACE_ABILITY.ts": {"path":"D:\\project\\vue\\dd5dm\\src\\data\\RACE_ABILITY.ts","statementMap":{"0":{"start":{"line":1,"column":21},"end":{"line":1,"column":0}}},"fnMap":{},"branchMap":{},"s":{"0":2},"f":{},"b":{}}
,"D:\\project\\vue\\dd5dm\\src\\data\\TEMPLATES.ts": {"path":"D:\\project\\vue\\dd5dm\\src\\data\\TEMPLATES.ts","statementMap":{"0":{"start":{"line":1,"column":0},"end":{"line":null,"column":-1}},"1":{"start":{"line":3,"column":49},"end":{"line":3,"column":0}},"2":{"start":{"line":114,"column":18},"end":{"line":114,"column":0}},"3":{"start":{"line":115,"column":4},"end":{"line":null,"column":-1}}},"fnMap":{"0":{"name":"(anonymous_0)","decl":{"start":{"line":114,"column":37},"end":{"line":114,"column":35}},"loc":{"start":{"line":114,"column":45},"end":{"line":114,"column":18}}}},"branchMap":{},"s":{"0":3,"1":3,"2":3,"3":18},"f":{"0":18},"b":{}}
,"D:\\project\\vue\\dd5dm\\src\\data\\TRAP.ts": {"path":"D:\\project\\vue\\dd5dm\\src\\data\\TRAP.ts","statementMap":{"0":{"start":{"line":1,"column":0},"end":{"line":null,"column":-1}},"1":{"start":{"line":3,"column":31},"end":{"line":3,"column":7}},"2":{"start":{"line":12,"column":35},"end":{"line":12,"column":7}},"3":{"start":{"line":12,"column":41},"end":{"line":12,"column":7}},"4":{"start":{"line":14,"column":25},"end":{"line":14,"column":7}},"5":{"start":{"line":20,"column":30},"end":{"line":20,"column":7}},"6":{"start":{"line":21,"column":15},"end":{"line":21,"column":2}},"7":{"start":{"line":22,"column":2},"end":{"line":null,"column":-1}},"8":{"start":{"line":22,"column":50},"end":{"line":22,"column":9}},"9":{"start":{"line":25,"column":28},"end":{"line":25,"column":7}},"10":{"start":{"line":59,"column":32},"end":{"line":59,"column":7}},"11":{"start":{"line":59,"column":38},"end":{"line":59,"column":7}},"12":{"start":{"line":61,"column":26},"end":{"line":61,"column":7}},"13":{"start":{"line":145,"column":30},"end":{"line":145,"column":7}},"14":{"start":{"line":145,"column":36},"end":{"line":145,"column":7}},"15":{"start":{"line":147,"column":26},"end":{"line":147,"column":7}},"16":{"start":{"line":148,"column":15},"end":{"line":148,"column":2}},"17":{"start":{"line":149,"column":20},"end":{"line":149,"column":2}},"18":{"start":{"line":150,"column":17},"end":{"line":150,"column":2}},"19":{"start":{"line":151,"column":15},"end":{"line":151,"column":2}},"20":{"start":{"line":152,"column":15},"end":{"line":152,"column":2}},"21":{"start":{"line":153,"column":18},"end":{"line":153,"column":2}},"22":{"start":{"line":154,"column":2},"end":{"line":null,"column":-1}}},"fnMap":{"0":{"name":"(anonymous_0)","decl":{"start":{"line":12,"column":35},"end":{"line":12,"column":40}},"loc":{"start":{"line":12,"column":41},"end":{"line":12,"column":7}}},"1":{"name":"(anonymous_1)","decl":{"start":{"line":20,"column":30},"end":{"line":20,"column":34}},"loc":{"start":{"line":20,"column":35},"end":{"line":20,"column":7}}},"2":{"name":"(anonymous_2)","decl":{"start":{"line":22,"column":31},"end":{"line":22,"column":32}},"loc":{"start":{"line":22,"column":50},"end":{"line":22,"column":9}}},"3":{"name":"(anonymous_3)","decl":{"start":{"line":59,"column":32},"end":{"line":59,"column":37}},"loc":{"start":{"line":59,"column":38},"end":{"line":59,"column":7}}},"4":{"name":"(anonymous_4)","decl":{"start":{"line":145,"column":30},"end":{"line":145,"column":35}},"loc":{"start":{"line":145,"column":36},"end":{"line":145,"column":7}}},"5":{"name":"(anonymous_5)","decl":{"start":{"line":147,"column":26},"end":{"line":147,"column":30}},"loc":{"start":{"line":147,"column":31},"end":{"line":147,"column":7}}}},"branchMap":{"0":{"loc":{"start":{"line":22,"column":67},"end":{"line":22,"column":54}},"type":"cond-expr","locations":[{"start":{"line":22,"column":67},"end":{"line":22,"column":54}},{"start":{"line":22,"column":73},"end":{"line":22,"column":9}}]}},"s":{"0":1,"1":1,"2":1,"3":2,"4":1,"5":1,"6":2,"7":2,"8":6,"9":1,"10":1,"11":2,"12":1,"13":1,"14":2,"15":1,"16":1,"17":1,"18":1,"19":1,"20":1,"21":1,"22":1},"f":{"0":2,"1":2,"2":6,"3":2,"4":2,"5":1},"b":{"0":[3,3]}}
,"D:\\project\\vue\\dd5dm\\src\\models\\Ability.ts": {"path":"D:\\project\\vue\\dd5dm\\src\\models\\Ability.ts","statementMap":{"0":{"start":{"line":4,"column":4},"end":{"line":null,"column":-1}},"1":{"start":{"line":8,"column":19},"end":{"line":8,"column":4}},"2":{"start":{"line":9,"column":4},"end":{"line":13,"column":5}},"3":{"start":{"line":10,"column":6},"end":{"line":null,"column":-1}},"4":{"start":{"line":12,"column":6},"end":{"line":null,"column":-1}}},"fnMap":{"0":{"name":"(anonymous_0)","decl":{"start":{"line":3,"column":9},"end":{"line":3,"column":15}},"loc":{"start":{"line":3,"column":38},"end":{"line":5,"column":3}}},"1":{"name":"(anonymous_1)","decl":{"start":{"line":7,"column":9},"end":{"line":7,"column":15}},"loc":{"start":{"line":7,"column":44},"end":{"line":14,"column":3}}}},"branchMap":{"0":{"loc":{"start":{"line":9,"column":4},"end":{"line":13,"column":5}},"type":"if","locations":[{"start":{"line":9,"column":4},"end":{"line":13,"column":5}},{"start":{"line":9,"column":4},"end":{"line":13,"column":5}}]}},"s":{"0":0,"1":0,"2":0,"3":0,"4":0},"f":{"0":0,"1":0},"b":{"0":[0,0]}}
,"D:\\project\\vue\\dd5dm\\src\\models\\Armor.ts": {"path":"D:\\project\\vue\\dd5dm\\src\\models\\Armor.ts","statementMap":{"0":{"start":{"line":15,"column":4},"end":{"line":null,"column":-1}},"1":{"start":{"line":19,"column":22},"end":{"line":19,"column":4}},"2":{"start":{"line":20,"column":4},"end":{"line":25,"column":5}},"3":{"start":{"line":21,"column":6},"end":{"line":null,"column":-1}},"4":{"start":{"line":22,"column":6},"end":{"line":24,"column":7}},"5":{"start":{"line":23,"column":8},"end":{"line":null,"column":-1}},"6":{"start":{"line":26,"column":4},"end":{"line":28,"column":5}},"7":{"start":{"line":27,"column":6},"end":{"line":null,"column":-1}},"8":{"start":{"line":29,"column":4},"end":{"line":null,"column":-1}},"9":{"start":{"line":2,"column":16},"end":{"line":null,"column":-1}}},"fnMap":{"0":{"name":"(anonymous_0)","decl":{"start":{"line":14,"column":2},"end":{"line":14,"column":1}},"loc":{"start":{"line":14,"column":34},"end":{"line":16,"column":3}}},"1":{"name":"(anonymous_1)","decl":{"start":{"line":18,"column":2},"end":{"line":18,"column":12}},"loc":{"start":{"line":18,"column":24},"end":{"line":30,"column":3}}}},"branchMap":{"0":{"loc":{"start":{"line":20,"column":4},"end":{"line":25,"column":5}},"type":"if","locations":[{"start":{"line":20,"column":4},"end":{"line":25,"column":5}},{"start":{"line":20,"column":4},"end":{"line":25,"column":5}}]},"1":{"loc":{"start":{"line":22,"column":6},"end":{"line":24,"column":7}},"type":"if","locations":[{"start":{"line":22,"column":6},"end":{"line":24,"column":7}},{"start":{"line":22,"column":6},"end":{"line":24,"column":7}}]},"2":{"loc":{"start":{"line":26,"column":4},"end":{"line":28,"column":5}},"type":"if","locations":[{"start":{"line":26,"column":4},"end":{"line":28,"column":5}},{"start":{"line":26,"column":4},"end":{"line":28,"column":5}}]}},"s":{"0":1,"1":0,"2":0,"3":0,"4":0,"5":0,"6":0,"7":0,"8":0,"9":3},"f":{"0":1,"1":0},"b":{"0":[0,0],"1":[0,0],"2":[0,0]}}
,"D:\\project\\vue\\dd5dm\\src\\models\\Dungeon.ts": {"path":"D:\\project\\vue\\dd5dm\\src\\models\\Dungeon.ts","statementMap":{"0":{"start":{"line":8,"column":4},"end":{"line":null,"column":-1}},"1":{"start":{"line":2,"column":16},"end":{"line":null,"column":-1}}},"fnMap":{"0":{"name":"(anonymous_0)","decl":{"start":{"line":7,"column":2},"end":{"line":7,"column":1}},"loc":{"start":{"line":7,"column":36},"end":{"line":9,"column":3}}}},"branchMap":{},"s":{"0":2,"1":1},"f":{"0":2},"b":{}}
,"D:\\project\\vue\\dd5dm\\src\\models\\Item.ts": {"path":"D:\\project\\vue\\dd5dm\\src\\models\\Item.ts","statementMap":{"0":{"start":{"line":9,"column":18},"end":{"line":9,"column":4}},"1":{"start":{"line":10,"column":4},"end":{"line":14,"column":5}},"2":{"start":{"line":11,"column":6},"end":{"line":13,"column":7}},"3":{"start":{"line":12,"column":8},"end":{"line":null,"column":-1}},"4":{"start":{"line":15,"column":4},"end":{"line":null,"column":-1}},"5":{"start":{"line":22,"column":4},"end":{"line":null,"column":-1}}},"fnMap":{"0":{"name":"(anonymous_0)","decl":{"start":{"line":8,"column":9},"end":{"line":8,"column":15}},"loc":{"start":{"line":8,"column":77},"end":{"line":16,"column":3}}},"1":{"name":"(anonymous_1)","decl":{"start":{"line":21,"column":2},"end":{"line":21,"column":1}},"loc":{"start":{"line":21,"column":34},"end":{"line":23,"column":3}}}},"branchMap":{"0":{"loc":{"start":{"line":11,"column":6},"end":{"line":13,"column":7}},"type":"if","locations":[{"start":{"line":11,"column":6},"end":{"line":13,"column":7}},{"start":{"line":11,"column":6},"end":{"line":13,"column":7}}]},"1":{"loc":{"start":{"line":11,"column":10},"end":{"line":11,"column":9}},"type":"binary-expr","locations":[{"start":{"line":11,"column":10},"end":{"line":11,"column":9}},{"start":{"line":11,"column":34},"end":{"line":11,"column":6}}]}},"s":{"0":1,"1":1,"2":2,"3":2,"4":1,"5":2},"f":{"0":1,"1":2},"b":{"0":[2,0],"1":[2,0]}}
,"D:\\project\\vue\\dd5dm\\src\\models\\Log.ts": {"path":"D:\\project\\vue\\dd5dm\\src\\models\\Log.ts","statementMap":{"0":{"start":{"line":4,"column":9},"end":{"line":null,"column":-1}},"1":{"start":{"line":5,"column":9},"end":{"line":null,"column":-1}},"2":{"start":{"line":6,"column":9},"end":{"line":null,"column":-1}},"3":{"start":{"line":9,"column":4},"end":{"line":null,"column":-1}},"4":{"start":{"line":2,"column":16},"end":{"line":null,"column":-1}}},"fnMap":{"0":{"name":"(anonymous_0)","decl":{"start":{"line":8,"column":2},"end":{"line":8,"column":1}},"loc":{"start":{"line":8,"column":32},"end":{"line":10,"column":3}}}},"branchMap":{},"s":{"0":3,"1":3,"2":3,"3":3,"4":3},"f":{"0":3},"b":{}}
,"D:\\project\\vue\\dd5dm\\src\\models\\Mode.ts": {"path":"D:\\project\\vue\\dd5dm\\src\\models\\Mode.ts","statementMap":{"0":{"start":{"line":5,"column":19},"end":{"line":5,"column":4}},"1":{"start":{"line":6,"column":4},"end":{"line":null,"column":-1}},"2":{"start":{"line":9,"column":19},"end":{"line":9,"column":4}},"3":{"start":{"line":10,"column":4},"end":{"line":null,"column":-1}}},"fnMap":{"0":{"name":"(anonymous_0)","decl":{"start":{"line":4,"column":9},"end":{"line":4,"column":15}},"loc":{"start":{"line":4,"column":32},"end":{"line":7,"column":3}}},"1":{"name":"(anonymous_1)","decl":{"start":{"line":8,"column":9},"end":{"line":8,"column":15}},"loc":{"start":{"line":8,"column":32},"end":{"line":11,"column":3}}}},"branchMap":{"0":{"loc":{"start":{"line":6,"column":11},"end":{"line":6,"column":10}},"type":"binary-expr","locations":[{"start":{"line":6,"column":11},"end":{"line":6,"column":10}},{"start":{"line":6,"column":27},"end":{"line":6,"column":4}}]},"1":{"loc":{"start":{"line":10,"column":11},"end":{"line":10,"column":10}},"type":"binary-expr","locations":[{"start":{"line":10,"column":11},"end":{"line":10,"column":10}},{"start":{"line":10,"column":27},"end":{"line":10,"column":4}}]}},"s":{"0":3,"1":3,"2":3,"3":3},"f":{"0":3,"1":3},"b":{"0":[3,0],"1":[3,0]}}
,"D:\\project\\vue\\dd5dm\\src\\models\\Monster.ts": {"path":"D:\\project\\vue\\dd5dm\\src\\models\\Monster.ts","statementMap":{"0":{"start":{"line":1,"column":0},"end":{"line":null,"column":-1}},"1":{"start":{"line":2,"column":0},"end":{"line":null,"column":-1}},"2":{"start":{"line":5,"column":0},"end":{"line":null,"column":-1}},"3":{"start":{"line":8,"column":9},"end":{"line":null,"column":-1}},"4":{"start":{"line":9,"column":9},"end":{"line":null,"column":-1}},"5":{"start":{"line":18,"column":9},"end":{"line":null,"column":-1}},"6":{"start":{"line":20,"column":9},"end":{"line":null,"column":-1}},"7":{"start":{"line":21,"column":9},"end":{"line":null,"column":-1}},"8":{"start":{"line":22,"column":9},"end":{"line":null,"column":-1}},"9":{"start":{"line":23,"column":9},"end":{"line":null,"column":-1}},"10":{"start":{"line":26,"column":4},"end":{"line":null,"column":-1}},"11":{"start":{"line":30,"column":4},"end":{"line":null,"column":-1}},"12":{"start":{"line":34,"column":20},"end":{"line":34,"column":4}},"13":{"start":{"line":35,"column":4},"end":{"line":null,"column":-1}},"14":{"start":{"line":39,"column":20},"end":{"line":39,"column":4}},"15":{"start":{"line":40,"column":4},"end":{"line":null,"column":-1}},"16":{"start":{"line":41,"column":4},"end":{"line":null,"column":-1}},"17":{"start":{"line":42,"column":4},"end":{"line":null,"column":-1}},"18":{"start":{"line":43,"column":4},"end":{"line":45,"column":5}},"19":{"start":{"line":44,"column":6},"end":{"line":null,"column":-1}},"20":{"start":{"line":46,"column":4},"end":{"line":null,"column":-1}},"21":{"start":{"line":47,"column":4},"end":{"line":null,"column":-1}},"22":{"start":{"line":48,"column":4},"end":{"line":null,"column":-1}},"23":{"start":{"line":49,"column":4},"end":{"line":null,"column":-1}},"24":{"start":{"line":53,"column":4},"end":{"line":null,"column":-1}}},"fnMap":{"0":{"name":"(anonymous_0)","decl":{"start":{"line":25,"column":2},"end":{"line":25,"column":1}},"loc":{"start":{"line":25,"column":36},"end":{"line":27,"column":3}}},"1":{"name":"(anonymous_1)","decl":{"start":{"line":29,"column":2},"end":{"line":29,"column":12}},"loc":{"start":{"line":29,"column":15},"end":{"line":31,"column":3}}},"2":{"name":"(anonymous_2)","decl":{"start":{"line":33,"column":9},"end":{"line":33,"column":21}},"loc":{"start":{"line":33,"column":32},"end":{"line":36,"column":3}}},"3":{"name":"(anonymous_3)","decl":{"start":{"line":38,"column":9},"end":{"line":38,"column":11}},"loc":{"start":{"line":38,"column":31},"end":{"line":50,"column":3}}},"4":{"name":"(anonymous_4)","decl":{"start":{"line":52,"column":2},"end":{"line":52,"column":12}},"loc":{"start":{"line":52,"column":19},"end":{"line":54,"column":3}}}},"branchMap":{"0":{"loc":{"start":{"line":53,"column":11},"end":{"line":53,"column":44}},"type":"binary-expr","locations":[{"start":{"line":53,"column":11},"end":{"line":53,"column":44}},{"start":{"line":53,"column":45},"end":{"line":53,"column":4}}]}},"s":{"0":3,"1":3,"2":3,"3":508,"4":508,"5":508,"6":508,"7":508,"8":508,"9":508,"10":508,"11":0,"12":0,"13":0,"14":1,"15":1,"16":1,"17":1,"18":1,"19":6,"20":1,"21":1,"22":1,"23":1,"24":0},"f":{"0":508,"1":0,"2":0,"3":1,"4":0},"b":{"0":[0,0]}}
,"D:\\project\\vue\\dd5dm\\src\\models\\MonsterGenerator.ts": {"path":"D:\\project\\vue\\dd5dm\\src\\models\\MonsterGenerator.ts","statementMap":{"0":{"start":{"line":1,"column":0},"end":{"line":null,"column":-1}},"1":{"start":{"line":3,"column":0},"end":{"line":null,"column":-1}},"2":{"start":{"line":5,"column":0},"end":{"line":null,"column":-1}},"3":{"start":{"line":6,"column":0},"end":{"line":null,"column":-1}},"4":{"start":{"line":9,"column":9},"end":{"line":null,"column":-1}},"5":{"start":{"line":12,"column":4},"end":{"line":16,"column":5}},"6":{"start":{"line":13,"column":20},"end":{"line":13,"column":6}},"7":{"start":{"line":14,"column":18},"end":{"line":14,"column":6}},"8":{"start":{"line":15,"column":6},"end":{"line":null,"column":-1}},"9":{"start":{"line":19,"column":18},"end":{"line":19,"column":4}},"10":{"start":{"line":20,"column":14},"end":{"line":20,"column":4}},"11":{"start":{"line":21,"column":4},"end":{"line":23,"column":5}},"12":{"start":{"line":22,"column":6},"end":{"line":null,"column":-1}},"13":{"start":{"line":24,"column":4},"end":{"line":null,"column":-1}},"14":{"start":{"line":27,"column":19},"end":{"line":27,"column":4}},"15":{"start":{"line":28,"column":21},"end":{"line":28,"column":4}},"16":{"start":{"line":29,"column":16},"end":{"line":29,"column":4}},"17":{"start":{"line":30,"column":4},"end":{"line":null,"column":-1}},"18":{"start":{"line":30,"column":44},"end":{"line":30,"column":11}},"19":{"start":{"line":33,"column":22},"end":{"line":33,"column":4}},"20":{"start":{"line":34,"column":4},"end":{"line":39,"column":5}},"21":{"start":{"line":35,"column":18},"end":{"line":35,"column":6}},"22":{"start":{"line":36,"column":6},"end":{"line":38,"column":7}},"23":{"start":{"line":37,"column":8},"end":{"line":null,"column":-1}},"24":{"start":{"line":40,"column":4},"end":{"line":null,"column":-1}},"25":{"start":{"line":43,"column":22},"end":{"line":43,"column":4}},"26":{"start":{"line":44,"column":17},"end":{"line":44,"column":4}},"27":{"start":{"line":45,"column":16},"end":{"line":45,"column":4}},"28":{"start":{"line":46,"column":4},"end":{"line":null,"column":-1}},"29":{"start":{"line":51,"column":23},"end":{"line":51,"column":4}},"30":{"start":{"line":52,"column":20},"end":{"line":52,"column":4}},"31":{"start":{"line":52,"column":61},"end":{"line":52,"column":29}},"32":{"start":{"line":53,"column":4},"end":{"line":60,"column":5}},"33":{"start":{"line":54,"column":6},"end":{"line":56,"column":7}},"34":{"start":{"line":55,"column":8},"end":{"line":null,"column":-1}},"35":{"start":{"line":57,"column":6},"end":{"line":null,"column":-1}},"36":{"start":{"line":58,"column":6},"end":{"line":null,"column":-1}},"37":{"start":{"line":59,"column":6},"end":{"line":null,"column":-1}}},"fnMap":{"0":{"name":"(anonymous_0)","decl":{"start":{"line":8,"column":0},"end":{"line":8,"column":-1}},"loc":{"start":{"line":8,"column":0},"end":{"line":62,"column":1}}},"1":{"name":"(anonymous_1)","decl":{"start":{"line":11,"column":9},"end":{"line":11,"column":19}},"loc":{"start":{"line":11,"column":38},"end":{"line":17,"column":3}}},"2":{"name":"(anonymous_2)","decl":{"start":{"line":18,"column":9},"end":{"line":18,"column":23}},"loc":{"start":{"line":18,"column":49},"end":{"line":25,"column":3}}},"3":{"name":"(anonymous_3)","decl":{"start":{"line":26,"column":9},"end":{"line":26,"column":18}},"loc":{"start":{"line":26,"column":44},"end":{"line":31,"column":3}}},"4":{"name":"(anonymous_4)","decl":{"start":{"line":30,"column":21},"end":{"line":30,"column":22}},"loc":{"start":{"line":30,"column":44},"end":{"line":30,"column":11}}},"5":{"name":"(anonymous_5)","decl":{"start":{"line":32,"column":9},"end":{"line":32,"column":24}},"loc":{"start":{"line":32,"column":37},"end":{"line":41,"column":3}}},"6":{"name":"(anonymous_6)","decl":{"start":{"line":42,"column":9},"end":{"line":42,"column":20}},"loc":{"start":{"line":42,"column":33},"end":{"line":47,"column":3}}},"7":{"name":"(anonymous_7)","decl":{"start":{"line":48,"column":9},"end":{"line":48,"column":21}},"loc":{"start":{"line":48,"column":47},"end":{"line":61,"column":3}}},"8":{"name":"(anonymous_8)","decl":{"start":{"line":52,"column":46},"end":{"line":52,"column":45}},"loc":{"start":{"line":52,"column":61},"end":{"line":52,"column":29}}}},"branchMap":{"0":{"loc":{"start":{"line":13,"column":20},"end":{"line":13,"column":19}},"type":"binary-expr","locations":[{"start":{"line":13,"column":20},"end":{"line":13,"column":19}},{"start":{"line":13,"column":36},"end":{"line":13,"column":6}}]},"1":{"loc":{"start":{"line":14,"column":18},"end":{"line":14,"column":44}},"type":"binary-expr","locations":[{"start":{"line":14,"column":18},"end":{"line":14,"column":44}},{"start":{"line":14,"column":45},"end":{"line":14,"column":6}}]},"2":{"loc":{"start":{"line":18,"column":38},"end":{"line":18,"column":24}},"type":"default-arg","locations":[{"start":{"line":18,"column":38},"end":{"line":18,"column":24}}]},"3":{"loc":{"start":{"line":22,"column":23},"end":{"line":22,"column":19}},"type":"cond-expr","locations":[{"start":{"line":22,"column":23},"end":{"line":22,"column":19}},{"start":{"line":22,"column":48},"end":{"line":22,"column":13}}]},"4":{"loc":{"start":{"line":22,"column":23},"end":{"line":22,"column":42}},"type":"binary-expr","locations":[{"start":{"line":22,"column":23},"end":{"line":22,"column":42}},{"start":{"line":22,"column":43},"end":{"line":22,"column":19}}]},"5":{"loc":{"start":{"line":27,"column":19},"end":{"line":27,"column":41}},"type":"binary-expr","locations":[{"start":{"line":27,"column":19},"end":{"line":27,"column":41}},{"start":{"line":27,"column":42},"end":{"line":27,"column":4}}]},"6":{"loc":{"start":{"line":30,"column":61},"end":{"line":30,"column":44}},"type":"cond-expr","locations":[{"start":{"line":30,"column":61},"end":{"line":30,"column":44}},{"start":{"line":30,"column":71},"end":{"line":30,"column":11}}]},"7":{"loc":{"start":{"line":36,"column":6},"end":{"line":38,"column":7}},"type":"if","locations":[{"start":{"line":36,"column":6},"end":{"line":38,"column":7}},{"start":{"line":36,"column":6},"end":{"line":38,"column":7}}]},"8":{"loc":{"start":{"line":36,"column":10},"end":{"line":36,"column":9}},"type":"binary-expr","locations":[{"start":{"line":36,"column":10},"end":{"line":36,"column":9}},{"start":{"line":36,"column":23},"end":{"line":36,"column":6}}]},"9":{"loc":{"start":{"line":48,"column":36},"end":{"line":48,"column":22}},"type":"default-arg","locations":[{"start":{"line":48,"column":36},"end":{"line":48,"column":22}}]},"10":{"loc":{"start":{"line":53,"column":4},"end":{"line":60,"column":5}},"type":"if","locations":[{"start":{"line":53,"column":4},"end":{"line":60,"column":5}},{"start":{"line":53,"column":4},"end":{"line":60,"column":5}}]},"11":{"loc":{"start":{"line":53,"column":8},"end":{"line":53,"column":7}},"type":"binary-expr","locations":[{"start":{"line":53,"column":8},"end":{"line":53,"column":7}},{"start":{"line":53,"column":33},"end":{"line":53,"column":4}}]},"12":{"loc":{"start":{"line":54,"column":6},"end":{"line":56,"column":7}},"type":"if","locations":[{"start":{"line":54,"column":6},"end":{"line":56,"column":7}},{"start":{"line":54,"column":6},"end":{"line":56,"column":7}}]}},"s":{"0":1,"1":1,"2":1,"3":1,"4":1,"5":1,"6":4,"7":4,"8":4,"9":71,"10":71,"11":71,"12":71,"13":71,"14":67,"15":67,"16":67,"17":67,"18":1072,"19":4,"20":4,"21":60,"22":60,"23":23,"24":4,"25":3,"26":3,"27":3,"28":3,"29":2,"30":2,"31":338,"32":2,"33":2,"34":1,"35":2,"36":2,"37":2},"f":{"0":1,"1":1,"2":71,"3":67,"4":1072,"5":4,"6":3,"7":2,"8":338},"b":{"0":[4,0],"1":[4,1],"2":[0],"3":[71,0],"4":[71,0],"5":[67,0],"6":[210,862],"7":[23,37],"8":[60,55],"9":[0],"10":[2,0],"11":[2,2],"12":[1,1]}}
,"D:\\project\\vue\\dd5dm\\src\\models\\Player.ts": {"path":"D:\\project\\vue\\dd5dm\\src\\models\\Player.ts","statementMap":{"0":{"start":{"line":2,"column":0},"end":{"line":null,"column":-1}},"1":{"start":{"line":3,"column":0},"end":{"line":null,"column":-1}},"2":{"start":{"line":4,"column":0},"end":{"line":null,"column":-1}},"3":{"start":{"line":7,"column":2},"end":{"line":null,"column":-1}},"4":{"start":{"line":13,"column":9},"end":{"line":null,"column":-1}},"5":{"start":{"line":14,"column":9},"end":{"line":null,"column":-1}},"6":{"start":{"line":15,"column":9},"end":{"line":null,"column":-1}},"7":{"start":{"line":16,"column":9},"end":{"line":null,"column":-1}},"8":{"start":{"line":17,"column":9},"end":{"line":null,"column":-1}},"9":{"start":{"line":18,"column":9},"end":{"line":null,"column":-1}},"10":{"start":{"line":19,"column":9},"end":{"line":null,"column":-1}},"11":{"start":{"line":20,"column":9},"end":{"line":null,"column":-1}},"12":{"start":{"line":21,"column":9},"end":{"line":null,"column":-1}},"13":{"start":{"line":22,"column":9},"end":{"line":null,"column":-1}},"14":{"start":{"line":23,"column":9},"end":{"line":null,"column":-1}},"15":{"start":{"line":24,"column":9},"end":{"line":null,"column":-1}},"16":{"start":{"line":25,"column":9},"end":{"line":null,"column":-1}},"17":{"start":{"line":26,"column":9},"end":{"line":null,"column":-1}},"18":{"start":{"line":27,"column":9},"end":{"line":null,"column":-1}},"19":{"start":{"line":28,"column":9},"end":{"line":null,"column":-1}},"20":{"start":{"line":29,"column":9},"end":{"line":null,"column":-1}},"21":{"start":{"line":30,"column":9},"end":{"line":null,"column":-1}},"22":{"start":{"line":33,"column":4},"end":{"line":null,"column":-1}},"23":{"start":{"line":37,"column":4},"end":{"line":null,"column":-1}},"24":{"start":{"line":41,"column":4},"end":{"line":46,"column":5}},"25":{"start":{"line":42,"column":27},"end":{"line":42,"column":6}},"26":{"start":{"line":43,"column":6},"end":{"line":45,"column":7}},"27":{"start":{"line":44,"column":8},"end":{"line":null,"column":-1}},"28":{"start":{"line":44,"column":42},"end":{"line":44,"column":15}},"29":{"start":{"line":50,"column":4},"end":{"line":58,"column":5}},"30":{"start":{"line":51,"column":6},"end":{"line":null,"column":-1}},"31":{"start":{"line":52,"column":8},"end":{"line":56,"column":9}},"32":{"start":{"line":53,"column":10},"end":{"line":null,"column":-1}},"33":{"start":{"line":55,"column":10},"end":{"line":null,"column":-1}},"34":{"start":{"line":62,"column":4},"end":{"line":68,"column":5}},"35":{"start":{"line":63,"column":22},"end":{"line":63,"column":6}},"36":{"start":{"line":64,"column":6},"end":{"line":67,"column":7}},"37":{"start":{"line":65,"column":21},"end":{"line":65,"column":8}},"38":{"start":{"line":66,"column":8},"end":{"line":null,"column":-1}},"39":{"start":{"line":66,"column":42},"end":{"line":66,"column":15}},"40":{"start":{"line":72,"column":17},"end":{"line":72,"column":4}},"41":{"start":{"line":73,"column":14},"end":{"line":73,"column":4}},"42":{"start":{"line":74,"column":4},"end":{"line":89,"column":5}},"43":{"start":{"line":75,"column":25},"end":{"line":75,"column":6}},"44":{"start":{"line":75,"column":67},"end":{"line":75,"column":25}},"45":{"start":{"line":76,"column":6},"end":{"line":88,"column":7}},"46":{"start":{"line":77,"column":22},"end":{"line":77,"column":8}},"47":{"start":{"line":78,"column":8},"end":{"line":null,"column":-1}},"48":{"start":{"line":79,"column":8},"end":{"line":87,"column":9}},"49":{"start":{"line":80,"column":10},"end":{"line":null,"column":-1}},"50":{"start":{"line":81,"column":10},"end":{"line":83,"column":11}},"51":{"start":{"line":82,"column":12},"end":{"line":null,"column":-1}},"52":{"start":{"line":84,"column":10},"end":{"line":86,"column":11}},"53":{"start":{"line":85,"column":12},"end":{"line":null,"column":-1}},"54":{"start":{"line":90,"column":4},"end":{"line":null,"column":-1}},"55":{"start":{"line":94,"column":16},"end":{"line":94,"column":4}},"56":{"start":{"line":95,"column":20},"end":{"line":95,"column":4}},"57":{"start":{"line":97,"column":4},"end":{"line":114,"column":5}},"58":{"start":{"line":98,"column":21},"end":{"line":98,"column":6}},"59":{"start":{"line":99,"column":21},"end":{"line":99,"column":6}},"60":{"start":{"line":101,"column":6},"end":{"line":113,"column":7}},"61":{"start":{"line":102,"column":8},"end":{"line":110,"column":9}},"62":{"start":{"line":103,"column":10},"end":{"line":107,"column":11}},"63":{"start":{"line":104,"column":12},"end":{"line":null,"column":-1}},"64":{"start":{"line":106,"column":12},"end":{"line":null,"column":-1}},"65":{"start":{"line":109,"column":10},"end":{"line":null,"column":-1}},"66":{"start":{"line":112,"column":8},"end":{"line":null,"column":-1}},"67":{"start":{"line":115,"column":4},"end":{"line":null,"column":-1}},"68":{"start":{"line":119,"column":4},"end":{"line":123,"column":5}},"69":{"start":{"line":120,"column":6},"end":{"line":null,"column":-1}},"70":{"start":{"line":122,"column":6},"end":{"line":null,"column":-1}},"71":{"start":{"line":127,"column":4},"end":{"line":null,"column":-1}},"72":{"start":{"line":128,"column":4},"end":{"line":130,"column":5}},"73":{"start":{"line":129,"column":6},"end":{"line":null,"column":-1}},"74":{"start":{"line":131,"column":4},"end":{"line":140,"column":5}},"75":{"start":{"line":132,"column":16},"end":{"line":132,"column":6}},"76":{"start":{"line":133,"column":16},"end":{"line":133,"column":6}},"77":{"start":{"line":134,"column":16},"end":{"line":134,"column":6}},"78":{"start":{"line":135,"column":16},"end":{"line":135,"column":6}},"79":{"start":{"line":136,"column":6},"end":{"line":139,"column":7}},"80":{"start":{"line":137,"column":8},"end":{"line":null,"column":-1}},"81":{"start":{"line":138,"column":8},"end":{"line":null,"column":-1}},"82":{"start":{"line":144,"column":20},"end":{"line":144,"column":4}},"83":{"start":{"line":157,"column":4},"end":{"line":159,"column":5}},"84":{"start":{"line":158,"column":6},"end":{"line":null,"column":-1}},"85":{"start":{"line":11,"column":16},"end":{"line":null,"column":-1}}},"fnMap":{"0":{"name":"modify","decl":{"start":{"line":6,"column":9},"end":{"line":6,"column":0}},"loc":{"start":{"line":6,"column":31},"end":{"line":8,"column":1}}},"1":{"name":"(anonymous_1)","decl":{"start":{"line":32,"column":2},"end":{"line":32,"column":1}},"loc":{"start":{"line":32,"column":35},"end":{"line":34,"column":3}}},"2":{"name":"(anonymous_2)","decl":{"start":{"line":36,"column":2},"end":{"line":36,"column":12}},"loc":{"start":{"line":36,"column":20},"end":{"line":38,"column":3}}},"3":{"name":"(anonymous_3)","decl":{"start":{"line":40,"column":2},"end":{"line":40,"column":12}},"loc":{"start":{"line":40,"column":20},"end":{"line":47,"column":3}}},"4":{"name":"(anonymous_4)","decl":{"start":{"line":44,"column":32},"end":{"line":44,"column":33}},"loc":{"start":{"line":44,"column":42},"end":{"line":44,"column":15}}},"5":{"name":"(anonymous_5)","decl":{"start":{"line":49,"column":2},"end":{"line":49,"column":12}},"loc":{"start":{"line":49,"column":23},"end":{"line":59,"column":3}}},"6":{"name":"(anonymous_6)","decl":{"start":{"line":51,"column":31},"end":{"line":51,"column":30}},"loc":{"start":{"line":51,"column":36},"end":{"line":51,"column":13}}},"7":{"name":"(anonymous_7)","decl":{"start":{"line":61,"column":2},"end":{"line":61,"column":12}},"loc":{"start":{"line":61,"column":27},"end":{"line":69,"column":3}}},"8":{"name":"(anonymous_8)","decl":{"start":{"line":66,"column":32},"end":{"line":66,"column":33}},"loc":{"start":{"line":66,"column":42},"end":{"line":66,"column":15}}},"9":{"name":"(anonymous_9)","decl":{"start":{"line":71,"column":2},"end":{"line":71,"column":12}},"loc":{"start":{"line":71,"column":15},"end":{"line":91,"column":3}}},"10":{"name":"(anonymous_10)","decl":{"start":{"line":75,"column":42},"end":{"line":75,"column":40}},"loc":{"start":{"line":75,"column":67},"end":{"line":75,"column":25}}},"11":{"name":"(anonymous_11)","decl":{"start":{"line":93,"column":9},"end":{"line":93,"column":13}},"loc":{"start":{"line":93,"column":29},"end":{"line":116,"column":3}}},"12":{"name":"(anonymous_12)","decl":{"start":{"line":118,"column":2},"end":{"line":118,"column":12}},"loc":{"start":{"line":118,"column":20},"end":{"line":124,"column":3}}},"13":{"name":"(anonymous_13)","decl":{"start":{"line":126,"column":9},"end":{"line":126,"column":19}},"loc":{"start":{"line":126,"column":20},"end":{"line":141,"column":3}}},"14":{"name":"(anonymous_14)","decl":{"start":{"line":143,"column":2},"end":{"line":143,"column":12}},"loc":{"start":{"line":143,"column":17},"end":{"line":160,"column":3}}}},"branchMap":{"0":{"loc":{"start":{"line":41,"column":4},"end":{"line":46,"column":5}},"type":"if","locations":[{"start":{"line":41,"column":4},"end":{"line":46,"column":5}},{"start":{"line":41,"column":4},"end":{"line":46,"column":5}}]},"1":{"loc":{"start":{"line":43,"column":6},"end":{"line":45,"column":7}},"type":"if","locations":[{"start":{"line":43,"column":6},"end":{"line":45,"column":7}},{"start":{"line":43,"column":6},"end":{"line":45,"column":7}}]},"2":{"loc":{"start":{"line":50,"column":4},"end":{"line":58,"column":5}},"type":"if","locations":[{"start":{"line":50,"column":4},"end":{"line":58,"column":5}},{"start":{"line":50,"column":4},"end":{"line":58,"column":5}}]},"3":{"loc":{"start":{"line":52,"column":8},"end":{"line":56,"column":9}},"type":"if","locations":[{"start":{"line":52,"column":8},"end":{"line":56,"column":9}},{"start":{"line":52,"column":8},"end":{"line":56,"column":9}}]},"4":{"loc":{"start":{"line":62,"column":4},"end":{"line":68,"column":5}},"type":"if","locations":[{"start":{"line":62,"column":4},"end":{"line":68,"column":5}},{"start":{"line":62,"column":4},"end":{"line":68,"column":5}}]},"5":{"loc":{"start":{"line":64,"column":6},"end":{"line":67,"column":7}},"type":"if","locations":[{"start":{"line":64,"column":6},"end":{"line":67,"column":7}},{"start":{"line":64,"column":6},"end":{"line":67,"column":7}}]},"6":{"loc":{"start":{"line":74,"column":4},"end":{"line":89,"column":5}},"type":"if","locations":[{"start":{"line":74,"column":4},"end":{"line":89,"column":5}},{"start":{"line":74,"column":4},"end":{"line":89,"column":5}}]},"7":{"loc":{"start":{"line":76,"column":6},"end":{"line":88,"column":7}},"type":"if","locations":[{"start":{"line":76,"column":6},"end":{"line":88,"column":7}},{"start":{"line":76,"column":6},"end":{"line":88,"column":7}}]},"8":{"loc":{"start":{"line":79,"column":8},"end":{"line":87,"column":9}},"type":"if","locations":[{"start":{"line":79,"column":8},"end":{"line":87,"column":9}},{"start":{"line":79,"column":8},"end":{"line":87,"column":9}}]},"9":{"loc":{"start":{"line":81,"column":10},"end":{"line":83,"column":11}},"type":"if","locations":[{"start":{"line":81,"column":10},"end":{"line":83,"column":11}},{"start":{"line":81,"column":10},"end":{"line":83,"column":11}}]},"10":{"loc":{"start":{"line":84,"column":10},"end":{"line":86,"column":11}},"type":"if","locations":[{"start":{"line":84,"column":10},"end":{"line":86,"column":11}},{"start":{"line":84,"column":10},"end":{"line":86,"column":11}}]},"11":{"loc":{"start":{"line":97,"column":4},"end":{"line":114,"column":5}},"type":"if","locations":[{"start":{"line":97,"column":4},"end":{"line":114,"column":5}},{"start":{"line":97,"column":4},"end":{"line":114,"column":5}}]},"12":{"loc":{"start":{"line":101,"column":6},"end":{"line":113,"column":7}},"type":"if","locations":[{"start":{"line":101,"column":6},"end":{"line":113,"column":7}},{"start":{"line":101,"column":6},"end":{"line":113,"column":7}}]},"13":{"loc":{"start":{"line":102,"column":8},"end":{"line":110,"column":9}},"type":"if","locations":[{"start":{"line":102,"column":8},"end":{"line":110,"column":9}},{"start":{"line":102,"column":8},"end":{"line":110,"column":9}}]},"14":{"loc":{"start":{"line":103,"column":10},"end":{"line":107,"column":11}},"type":"if","locations":[{"start":{"line":103,"column":10},"end":{"line":107,"column":11}},{"start":{"line":103,"column":10},"end":{"line":107,"column":11}}]},"15":{"loc":{"start":{"line":119,"column":4},"end":{"line":123,"column":5}},"type":"if","locations":[{"start":{"line":119,"column":4},"end":{"line":123,"column":5}},{"start":{"line":119,"column":4},"end":{"line":123,"column":5}}]},"16":{"loc":{"start":{"line":136,"column":6},"end":{"line":139,"column":7}},"type":"if","locations":[{"start":{"line":136,"column":6},"end":{"line":139,"column":7}},{"start":{"line":136,"column":6},"end":{"line":139,"column":7}}]},"17":{"loc":{"start":{"line":136,"column":10},"end":{"line":136,"column":9}},"type":"binary-expr","locations":[{"start":{"line":136,"column":10},"end":{"line":136,"column":9}},{"start":{"line":136,"column":21},"end":{"line":136,"column":10}},{"start":{"line":136,"column":31},"end":{"line":136,"column":10}},{"start":{"line":136,"column":41},"end":{"line":136,"column":6}}]},"18":{"loc":{"start":{"line":157,"column":4},"end":{"line":159,"column":5}},"type":"if","locations":[{"start":{"line":157,"column":4},"end":{"line":159,"column":5}},{"start":{"line":157,"column":4},"end":{"line":159,"column":5}}]}},"s":{"0":2,"1":2,"2":2,"3":0,"4":3,"5":3,"6":3,"7":3,"8":3,"9":3,"10":3,"11":3,"12":3,"13":3,"14":3,"15":3,"16":3,"17":3,"18":3,"19":3,"20":3,"21":3,"22":3,"23":0,"24":1,"25":1,"26":1,"27":1,"28":6,"29":0,"30":0,"31":0,"32":0,"33":0,"34":0,"35":0,"36":0,"37":0,"38":0,"39":0,"40":0,"41":0,"42":0,"43":0,"44":0,"45":0,"46":0,"47":0,"48":0,"49":0,"50":0,"51":0,"52":0,"53":0,"54":0,"55":0,"56":0,"57":0,"58":0,"59":0,"60":0,"61":0,"62":0,"63":0,"64":0,"65":0,"66":0,"67":0,"68":0,"69":0,"70":0,"71":1,"72":1,"73":6,"74":1,"75":20,"76":20,"77":20,"78":20,"79":20,"80":9,"81":9,"82":1,"83":1,"84":1,"85":2},"f":{"0":0,"1":3,"2":0,"3":1,"4":6,"5":0,"6":0,"7":0,"8":0,"9":0,"10":0,"11":0,"12":0,"13":1,"14":1},"b":{"0":[1,0],"1":[1,0],"2":[0,0],"3":[0,0],"4":[0,0],"5":[0,0],"6":[0,0],"7":[0,0],"8":[0,0],"9":[0,0],"10":[0,0],"11":[0,0],"12":[0,0],"13":[0,0],"14":[0,0],"15":[0,0],"16":[9,11],"17":[20,17,9,9],"18":[1,0]}}
,"D:\\project\\vue\\dd5dm\\src\\models\\Reward.ts": {"path":"D:\\project\\vue\\dd5dm\\src\\models\\Reward.ts","statementMap":{"0":{"start":{"line":4,"column":9},"end":{"line":null,"column":-1}},"1":{"start":{"line":5,"column":9},"end":{"line":null,"column":-1}},"2":{"start":{"line":6,"column":9},"end":{"line":null,"column":-1}},"3":{"start":{"line":7,"column":9},"end":{"line":null,"column":-1}},"4":{"start":{"line":10,"column":4},"end":{"line":null,"column":-1}},"5":{"start":{"line":2,"column":16},"end":{"line":null,"column":-1}}},"fnMap":{"0":{"name":"(anonymous_0)","decl":{"start":{"line":9,"column":2},"end":{"line":9,"column":1}},"loc":{"start":{"line":9,"column":35},"end":{"line":11,"column":3}}}},"branchMap":{},"s":{"0":1,"1":1,"2":1,"3":1,"4":1,"5":1},"f":{"0":1},"b":{}}
,"D:\\project\\vue\\dd5dm\\src\\models\\Template.ts": {"path":"D:\\project\\vue\\dd5dm\\src\\models\\Template.ts","statementMap":{"0":{"start":{"line":13,"column":4},"end":{"line":null,"column":-1}}},"fnMap":{"0":{"name":"(anonymous_0)","decl":{"start":{"line":12,"column":2},"end":{"line":12,"column":1}},"loc":{"start":{"line":12,"column":38},"end":{"line":14,"column":3}}}},"branchMap":{},"s":{"0":18},"f":{"0":18},"b":{}}
}
