TN:
SF:D:\project\vue\dd5dm\src\components\MonsterList.vue
FN:32,(anonymous_1)
FN:41,(anonymous_2)
FN:44,(anonymous_3)
FN:47,(anonymous_4)
FNF:4
FNH:4
FNDA:3,(anonymous_1)
FNDA:3,(anonymous_2)
FNDA:3,(anonymous_3)
FNDA:3,(anonymous_4)
DA:21,1
DA:24,1
DA:25,1
DA:26,1
DA:29,2
DA:30,1
DA:33,3
DA:34,3
DA:36,0
DA:37,0
DA:42,3
DA:45,3
DA:48,3
LF:13
LH:11
BRDA:33,0,0,3
BRDA:33,0,1,0
BRDA:42,1,0,0
BRDA:42,1,1,3
BRF:4
BRH:2
end_of_record
TN:
SF:D:\project\vue\dd5dm\src\data\ARMOR_DATA.ts
FNF:0
FNH:0
DA:3,3
LF:1
LH:1
BRF:0
BRH:0
end_of_record
TN:
SF:D:\project\vue\dd5dm\src\data\ENCOUNTER_DATA.ts
FN:1,(anonymous_0)
FNF:1
FNH:1
FNDA:3,(anonymous_0)
DA:1,3
DA:2,3
DA:3,3
DA:4,3
DA:5,3
DA:11,3
DA:74,3
DA:92,3
DA:112,3
LF:9
LH:9
BRDA:1,0,0,3
BRDA:1,0,1,3
BRF:2
BRH:2
end_of_record
TN:
SF:D:\project\vue\dd5dm\src\data\MONSTERS.ts
FNF:0
FNH:0
DA:3,3
DA:5,3
DA:5257,3
DA:5258,3
DA:5259,507
LF:5
LH:5
BRF:0
BRH:0
end_of_record
TN:
SF:D:\project\vue\dd5dm\src\data\MONSTER_AVATARS.ts
FNF:0
FNH:0
DA:1,3
LF:1
LH:1
BRF:0
BRH:0
end_of_record
TN:
SF:D:\project\vue\dd5dm\src\data\RACE_ABILITY.ts
FNF:0
FNH:0
DA:1,2
LF:1
LH:1
BRF:0
BRH:0
end_of_record
TN:
SF:D:\project\vue\dd5dm\src\data\TEMPLATES.ts
FN:114,(anonymous_0)
FNF:1
FNH:1
FNDA:18,(anonymous_0)
DA:1,3
DA:3,3
DA:114,3
DA:115,18
LF:4
LH:4
BRF:0
BRH:0
end_of_record
TN:
SF:D:\project\vue\dd5dm\src\data\TRAP.ts
FN:12,(anonymous_0)
FN:20,(anonymous_1)
FN:22,(anonymous_2)
FN:59,(anonymous_3)
FN:145,(anonymous_4)
FN:147,(anonymous_5)
FNF:6
FNH:6
FNDA:2,(anonymous_0)
FNDA:2,(anonymous_1)
FNDA:6,(anonymous_2)
FNDA:2,(anonymous_3)
FNDA:2,(anonymous_4)
FNDA:1,(anonymous_5)
DA:1,1
DA:3,1
DA:12,2
DA:14,1
DA:20,1
DA:21,2
DA:22,6
DA:25,1
DA:59,2
DA:61,1
DA:145,2
DA:147,1
DA:148,1
DA:149,1
DA:150,1
DA:151,1
DA:152,1
DA:153,1
DA:154,1
LF:19
LH:19
BRDA:22,0,0,3
BRDA:22,0,1,3
BRF:2
BRH:2
end_of_record
TN:
SF:D:\project\vue\dd5dm\src\models\Ability.ts
FN:3,(anonymous_0)
FN:7,(anonymous_1)
FNF:2
FNH:0
FNDA:0,(anonymous_0)
FNDA:0,(anonymous_1)
DA:4,0
DA:8,0
DA:9,0
DA:10,0
DA:12,0
LF:5
LH:0
BRDA:9,0,0,0
BRDA:9,0,1,0
BRF:2
BRH:0
end_of_record
TN:
SF:D:\project\vue\dd5dm\src\models\Armor.ts
FN:14,(anonymous_0)
FN:18,(anonymous_1)
FNF:2
FNH:1
FNDA:1,(anonymous_0)
FNDA:0,(anonymous_1)
DA:2,3
DA:15,1
DA:19,0
DA:20,0
DA:21,0
DA:22,0
DA:23,0
DA:26,0
DA:27,0
DA:29,0
LF:10
LH:2
BRDA:20,0,0,0
BRDA:20,0,1,0
BRDA:22,1,0,0
BRDA:22,1,1,0
BRDA:26,2,0,0
BRDA:26,2,1,0
BRF:6
BRH:0
end_of_record
TN:
SF:D:\project\vue\dd5dm\src\models\Dungeon.ts
FN:7,(anonymous_0)
FNF:1
FNH:1
FNDA:2,(anonymous_0)
DA:2,1
DA:8,2
LF:2
LH:2
BRF:0
BRH:0
end_of_record
TN:
SF:D:\project\vue\dd5dm\src\models\Item.ts
FN:8,(anonymous_0)
FN:21,(anonymous_1)
FNF:2
FNH:2
FNDA:1,(anonymous_0)
FNDA:2,(anonymous_1)
DA:9,1
DA:10,1
DA:11,2
DA:12,2
DA:15,1
DA:22,2
LF:6
LH:6
BRDA:11,0,0,2
BRDA:11,0,1,0
BRDA:11,1,0,2
BRDA:11,1,1,0
BRF:4
BRH:2
end_of_record
TN:
SF:D:\project\vue\dd5dm\src\models\Log.ts
FN:8,(anonymous_0)
FNF:1
FNH:1
FNDA:3,(anonymous_0)
DA:2,3
DA:4,3
DA:5,3
DA:6,3
DA:9,3
LF:5
LH:5
BRF:0
BRH:0
end_of_record
TN:
SF:D:\project\vue\dd5dm\src\models\Mode.ts
FN:4,(anonymous_0)
FN:8,(anonymous_1)
FNF:2
FNH:2
FNDA:3,(anonymous_0)
FNDA:3,(anonymous_1)
DA:5,3
DA:6,3
DA:9,3
DA:10,3
LF:4
LH:4
BRDA:6,0,0,3
BRDA:6,0,1,0
BRDA:10,1,0,3
BRDA:10,1,1,0
BRF:4
BRH:2
end_of_record
TN:
SF:D:\project\vue\dd5dm\src\models\Monster.ts
FN:25,(anonymous_0)
FN:29,(anonymous_1)
FN:33,(anonymous_2)
FN:38,(anonymous_3)
FN:52,(anonymous_4)
FNF:5
FNH:2
FNDA:508,(anonymous_0)
FNDA:0,(anonymous_1)
FNDA:0,(anonymous_2)
FNDA:1,(anonymous_3)
FNDA:0,(anonymous_4)
DA:1,3
DA:2,3
DA:5,3
DA:8,508
DA:9,508
DA:18,508
DA:20,508
DA:21,508
DA:22,508
DA:23,508
DA:26,508
DA:30,0
DA:34,0
DA:35,0
DA:39,1
DA:40,1
DA:41,1
DA:42,1
DA:43,1
DA:44,6
DA:46,1
DA:47,1
DA:48,1
DA:49,1
DA:53,0
LF:25
LH:21
BRDA:53,0,0,0
BRDA:53,0,1,0
BRF:2
BRH:0
end_of_record
TN:
SF:D:\project\vue\dd5dm\src\models\MonsterGenerator.ts
FN:8,(anonymous_0)
FN:11,(anonymous_1)
FN:18,(anonymous_2)
FN:26,(anonymous_3)
FN:30,(anonymous_4)
FN:32,(anonymous_5)
FN:42,(anonymous_6)
FN:48,(anonymous_7)
FN:52,(anonymous_8)
FNF:9
FNH:9
FNDA:1,(anonymous_0)
FNDA:1,(anonymous_1)
FNDA:71,(anonymous_2)
FNDA:67,(anonymous_3)
FNDA:1072,(anonymous_4)
FNDA:4,(anonymous_5)
FNDA:3,(anonymous_6)
FNDA:2,(anonymous_7)
FNDA:338,(anonymous_8)
DA:1,1
DA:3,1
DA:5,1
DA:6,1
DA:9,1
DA:12,1
DA:13,4
DA:14,4
DA:15,4
DA:19,71
DA:20,71
DA:21,71
DA:22,71
DA:24,71
DA:27,67
DA:28,67
DA:29,67
DA:30,1072
DA:33,4
DA:34,4
DA:35,60
DA:36,60
DA:37,23
DA:40,4
DA:43,3
DA:44,3
DA:45,3
DA:46,3
DA:51,2
DA:52,338
DA:53,2
DA:54,2
DA:55,1
DA:57,2
DA:58,2
DA:59,2
LF:36
LH:36
BRDA:13,0,0,4
BRDA:13,0,1,0
BRDA:14,1,0,4
BRDA:14,1,1,1
BRDA:18,2,0,0
BRDA:22,3,0,71
BRDA:22,3,1,0
BRDA:22,4,0,71
BRDA:22,4,1,0
BRDA:27,5,0,67
BRDA:27,5,1,0
BRDA:30,6,0,210
BRDA:30,6,1,862
BRDA:36,7,0,23
BRDA:36,7,1,37
BRDA:36,8,0,60
BRDA:36,8,1,55
BRDA:48,9,0,0
BRDA:53,10,0,2
BRDA:53,10,1,0
BRDA:53,11,0,2
BRDA:53,11,1,2
BRDA:54,12,0,1
BRDA:54,12,1,1
BRF:24
BRH:17
end_of_record
TN:
SF:D:\project\vue\dd5dm\src\models\Player.ts
FN:6,modify
FN:32,(anonymous_1)
FN:36,(anonymous_2)
FN:40,(anonymous_3)
FN:44,(anonymous_4)
FN:49,(anonymous_5)
FN:51,(anonymous_6)
FN:61,(anonymous_7)
FN:66,(anonymous_8)
FN:71,(anonymous_9)
FN:75,(anonymous_10)
FN:93,(anonymous_11)
FN:118,(anonymous_12)
FN:126,(anonymous_13)
FN:143,(anonymous_14)
FNF:15
FNH:5
FNDA:0,modify
FNDA:3,(anonymous_1)
FNDA:0,(anonymous_2)
FNDA:1,(anonymous_3)
FNDA:6,(anonymous_4)
FNDA:0,(anonymous_5)
FNDA:0,(anonymous_6)
FNDA:0,(anonymous_7)
FNDA:0,(anonymous_8)
FNDA:0,(anonymous_9)
FNDA:0,(anonymous_10)
FNDA:0,(anonymous_11)
FNDA:0,(anonymous_12)
FNDA:1,(anonymous_13)
FNDA:1,(anonymous_14)
DA:2,2
DA:3,2
DA:4,2
DA:7,0
DA:11,2
DA:13,3
DA:14,3
DA:15,3
DA:16,3
DA:17,3
DA:18,3
DA:19,3
DA:20,3
DA:21,3
DA:22,3
DA:23,3
DA:24,3
DA:25,3
DA:26,3
DA:27,3
DA:28,3
DA:29,3
DA:30,3
DA:33,3
DA:37,0
DA:41,1
DA:42,1
DA:43,1
DA:44,6
DA:50,0
DA:51,0
DA:52,0
DA:53,0
DA:55,0
DA:62,0
DA:63,0
DA:64,0
DA:65,0
DA:66,0
DA:72,0
DA:73,0
DA:74,0
DA:75,0
DA:76,0
DA:77,0
DA:78,0
DA:79,0
DA:80,0
DA:81,0
DA:82,0
DA:84,0
DA:85,0
DA:90,0
DA:94,0
DA:95,0
DA:97,0
DA:98,0
DA:99,0
DA:101,0
DA:102,0
DA:103,0
DA:104,0
DA:106,0
DA:109,0
DA:112,0
DA:115,0
DA:119,0
DA:120,0
DA:122,0
DA:127,1
DA:128,1
DA:129,6
DA:131,1
DA:132,20
DA:133,20
DA:134,20
DA:135,20
DA:136,20
DA:137,9
DA:138,9
DA:144,1
DA:157,1
DA:158,1
LF:83
LH:41
BRDA:41,0,0,1
BRDA:41,0,1,0
BRDA:43,1,0,1
BRDA:43,1,1,0
BRDA:50,2,0,0
BRDA:50,2,1,0
BRDA:52,3,0,0
BRDA:52,3,1,0
BRDA:62,4,0,0
BRDA:62,4,1,0
BRDA:64,5,0,0
BRDA:64,5,1,0
BRDA:74,6,0,0
BRDA:74,6,1,0
BRDA:76,7,0,0
BRDA:76,7,1,0
BRDA:79,8,0,0
BRDA:79,8,1,0
BRDA:81,9,0,0
BRDA:81,9,1,0
BRDA:84,10,0,0
BRDA:84,10,1,0
BRDA:97,11,0,0
BRDA:97,11,1,0
BRDA:101,12,0,0
BRDA:101,12,1,0
BRDA:102,13,0,0
BRDA:102,13,1,0
BRDA:103,14,0,0
BRDA:103,14,1,0
BRDA:119,15,0,0
BRDA:119,15,1,0
BRDA:136,16,0,9
BRDA:136,16,1,11
BRDA:136,17,0,20
BRDA:136,17,1,17
BRDA:136,17,2,9
BRDA:136,17,3,9
BRDA:157,18,0,1
BRDA:157,18,1,0
BRF:40
BRH:9
end_of_record
TN:
SF:D:\project\vue\dd5dm\src\models\Reward.ts
FN:9,(anonymous_0)
FNF:1
FNH:1
FNDA:1,(anonymous_0)
DA:2,1
DA:4,1
DA:5,1
DA:6,1
DA:7,1
DA:10,1
LF:6
LH:6
BRF:0
BRH:0
end_of_record
TN:
SF:D:\project\vue\dd5dm\src\models\Template.ts
FN:12,(anonymous_0)
FNF:1
FNH:1
FNDA:18,(anonymous_0)
DA:13,18
LF:1
LH:1
BRF:0
BRH:0
end_of_record
